<?xml version="1.0" encoding="UTF-8"?>
<!-- Generated by org.testng.reporters.JUnitXMLReporter -->
<testsuite ignored="2" hostname="LAPTOP-RR6PLBFO" failures="0" tests="4" name="Default test" time="17.2" errors="0" timestamp="2024-12-03T11:54:57 IST">
  <testcase classname="testngframework.TestNG_3_Disabled_Ignore_Skip" name="twitter" time="5.806"/>
  <testcase classname="testngframework.TestNG_3_Disabled_Ignore_Skip" name="techlearn" time="3.73"/>
  <testcase classname="testngframework.TestNG_3_Disabled_Ignore_Skip" name="zomato" time="5.438"/>
  <testcase classname="testngframework.TestNG_3_Disabled_Ignore_Skip" name="seleniumdev" time="0.808"/>
  <testcase classname="testngframework.TestNG_3_Disabled_Ignore_Skip" name="google" time="0.0">
    <ignored/>
  </testcase> <!-- google -->
  <testcase classname="testngframework.TestNG_3_Disabled_Ignore_Skip" name="gmail" time="0.0">
    <ignored/>
  </testcase> <!-- gmail -->
</testsuite> <!-- Default test -->
