<?xml version="1.0" encoding="UTF-8"?>
<testng-results ignored="0" total="1" passed="1" failed="0" skipped="0">
  <reporter-output>
  </reporter-output>
  <suite started-at="2024-11-23T12:18:21 IST" name="Default suite" finished-at="2024-11-23T12:18:25 IST" duration-ms="3821">
    <groups>
    </groups>
    <test started-at="2024-11-23T12:18:21 IST" name="Default test" finished-at="2024-11-23T12:18:25 IST" duration-ms="3821">
      <class name="verifytabtexturlapptext.VerificationMethods">
        <test-method is-config="true" signature="beforeTest()[pri:0, instance:verifytabtexturlapptext.VerificationMethods@5677323c]" started-at="2024-11-23T12:18:21 IST" name="beforeTest" finished-at="2024-11-23T12:18:22 IST" duration-ms="1331" status="PASS">
          <reporter-output>
          </reporter-output>
        </test-method> <!-- beforeTest -->
        <test-method signature="verifyTabtitletext()[pri:0, instance:verifytabtexturlapptext.VerificationMethods@5677323c]" started-at="2024-11-23T12:18:22 IST" name="verifyTabtitletext" finished-at="2024-11-23T12:18:25 IST" duration-ms="2467" status="PASS">
          <reporter-output>
          </reporter-output>
        </test-method> <!-- verifyTabtitletext -->
      </class> <!-- verifytabtexturlapptext.VerificationMethods -->
    </test> <!-- Default test -->
  </suite> <!-- Default suite -->
</testng-results>
