<?xml version="1.0" encoding="UTF-8"?>
<testng-results ignored="2" total="6" passed="4" failed="0" skipped="0">
  <reporter-output>
  </reporter-output>
  <suite started-at="2024-12-03T11:54:40 IST" name="Default suite" finished-at="2024-12-03T11:54:57 IST" duration-ms="17200">
    <groups>
    </groups>
    <test started-at="2024-12-03T11:54:40 IST" name="Default test" finished-at="2024-12-03T11:54:57 IST" duration-ms="17200">
      <class name="testngframework.TestNG_3_Disabled_Ignore_Skip">
        <test-method is-config="true" signature="beforeTest()[pri:0, instance:testngframework.TestNG_3_Disabled_Ignore_Skip@4686afc2]" started-at="2024-12-03T11:54:40 IST" name="beforeTest" finished-at="2024-12-03T11:54:41 IST" duration-ms="1382" status="PASS">
          <reporter-output>
          </reporter-output>
        </test-method> <!-- beforeTest -->
        <test-method signature="twitter()[pri:1, instance:testngframework.TestNG_3_Disabled_Ignore_Skip@4686afc2]" started-at="2024-12-03T11:54:41 IST" name="twitter" finished-at="2024-12-03T11:54:47 IST" duration-ms="5806" status="PASS">
          <reporter-output>
          </reporter-output>
        </test-method> <!-- twitter -->
        <test-method signature="techlearn()[pri:3, instance:testngframework.TestNG_3_Disabled_Ignore_Skip@4686afc2]" started-at="2024-12-03T11:54:47 IST" name="techlearn" finished-at="2024-12-03T11:54:51 IST" duration-ms="3730" status="PASS">
          <reporter-output>
          </reporter-output>
        </test-method> <!-- techlearn -->
        <test-method signature="zomato()[pri:4, instance:testngframework.TestNG_3_Disabled_Ignore_Skip@4686afc2]" started-at="2024-12-03T11:54:51 IST" name="zomato" finished-at="2024-12-03T11:54:56 IST" duration-ms="5438" status="PASS">
          <reporter-output>
          </reporter-output>
        </test-method> <!-- zomato -->
        <test-method signature="seleniumdev()[pri:5, instance:testngframework.TestNG_3_Disabled_Ignore_Skip@4686afc2]" started-at="2024-12-03T11:54:56 IST" name="seleniumdev" finished-at="2024-12-03T11:54:57 IST" duration-ms="808" status="PASS">
          <reporter-output>
          </reporter-output>
        </test-method> <!-- seleniumdev -->
        <test-method is-config="true" signature="afterTest()[pri:0, instance:testngframework.TestNG_3_Disabled_Ignore_Skip@4686afc2]" started-at="2024-12-03T11:54:57 IST" name="afterTest" finished-at="2024-12-03T11:54:57 IST" duration-ms="1" status="PASS">
          <reporter-output>
          </reporter-output>
        </test-method> <!-- afterTest -->
      </class> <!-- testngframework.TestNG_3_Disabled_Ignore_Skip -->
    </test> <!-- Default test -->
  </suite> <!-- Default suite -->
</testng-results>
